# JRE version: Java(TM) SE Runtime Environment (8.0_91-b14) (build 1.8.0_91-b14)
# Java VM: Java HotSpot(TM) 64-Bit Server VM (25.91-b14 mixed mode linux-amd64 compressed oops)
Heap:
 PSYoungGen      total 205312K, used 16878K [0x00000000ef580000, 0x00000000fce80000, 0x0000000100000000)
  eden space 188416K, 0% used [0x00000000ef580000,0x00000000ef580000,0x00000000fad80000)
  from space 16896K, 99% used [0x00000000fad80000,0x00000000fbdfba50,0x00000000fbe00000)
  to   space 16384K, 0% used [0x00000000fbe80000,0x00000000fbe80000,0x00000000fce80000)
 ParOldGen       total 62976K, used 62623K [0x00000000ce000000, 0x00000000d1d80000, 0x00000000ef580000)
  object space 62976K, 99% used [0x00000000ce000000,0x00000000d1d27c18,0x00000000d1d80000)
 Metaspace       used 19782K, capacity 20174K, committed 20352K, reserved 1067008K
  class space    used 2234K, capacity 2325K, committed 2432K, reserved 1048576K
GC Heap History (10 events):
Event: 5,002 GC heap after
Heap after GC invocations=6 (full 0):
 PSYoungGen      total 66560K, used 6132K [0x00000000ef580000, 0x00000000f3f80000, 0x0000000100000000)
  eden space 60416K, 0% used [0x00000000ef580000,0x00000000ef580000,0x00000000f3080000)
  from space 6144K, 99% used [0x00000000f3780000,0x00000000f3d7d240,0x00000000f3d80000)
  to   space 7168K, 0% used [0x00000000f3080000,0x00000000f3080000,0x00000000f3780000)
 ParOldGen       total 40960K, used 8058K [0x00000000ce000000, 0x00000000d0800000, 0x00000000ef580000)
  object space 40960K, 19% used [0x00000000ce000000,0x00000000ce7deae8,0x00000000d0800000)
 Metaspace       used 16651K, capacity 16866K, committed 17024K, reserved 1064960K
  class space    used 2026K, capacity 2112K, committed 2176K, reserved 1048576K
}
Event: 5,903 GC heap before
{Heap before GC invocations=7 (full 0):
 PSYoungGen      total 66560K, used 66548K [0x00000000ef580000, 0x00000000f3f80000, 0x0000000100000000)
  eden space 60416K, 100% used [0x00000000ef580000,0x00000000f3080000,0x00000000f3080000)
  from space 6144K, 99% used [0x00000000f3780000,0x00000000f3d7d240,0x00000000f3d80000)
  to   space 7168K, 0% used [0x00000000f3080000,0x00000000f3080000,0x00000000f3780000)
 ParOldGen       total 40960K, used 8058K [0x00000000ce000000, 0x00000000d0800000, 0x00000000ef580000)
  object space 40960K, 19% used [0x00000000ce000000,0x00000000ce7deae8,0x00000000d0800000)
 Metaspace       used 16834K, capacity 17064K, committed 17280K, reserved 1064960K
  class space    used 2027K, capacity 2113K, committed 2176K, reserved 1048576K
Event: 5,956 GC heap after
Heap after GC invocations=7 (full 0):
 PSYoungGen      total 67584K, used 7152K [0x00000000ef580000, 0x00000000f8380000, 0x0000000100000000)
  eden space 60416K, 0% used [0x00000000ef580000,0x00000000ef580000,0x00000000f3080000)
  from space 7168K, 99% used [0x00000000f3080000,0x00000000f377c010,0x00000000f3780000)
  to   space 12288K, 0% used [0x00000000f7780000,0x00000000f7780000,0x00000000f8380000)
 ParOldGen       total 40960K, used 15624K [0x00000000ce000000, 0x00000000d0800000, 0x00000000ef580000)
  object space 40960K, 38% used [0x00000000ce000000,0x00000000cef423e8,0x00000000d0800000)
 Metaspace       used 16834K, capacity 17064K, committed 17280K, reserved 1064960K
  class space    used 2027K, capacity 2113K, committed 2176K, reserved 1048576K
}
Event: 6,572 GC heap before
{Heap before GC invocations=8 (full 0):
 PSYoungGen      total 67584K, used 67568K [0x00000000ef580000, 0x00000000f8380000, 0x0000000100000000)
  eden space 60416K, 100% used [0x00000000ef580000,0x00000000f3080000,0x00000000f3080000)
  from space 7168K, 99% used [0x00000000f3080000,0x00000000f377c010,0x00000000f3780000)
  to   space 12288K, 0% used [0x00000000f7780000,0x00000000f7780000,0x00000000f8380000)
 ParOldGen       total 40960K, used 15624K [0x00000000ce000000, 0x00000000d0800000, 0x00000000ef580000)
  object space 40960K, 38% used [0x00000000ce000000,0x00000000cef423e8,0x00000000d0800000)
 Metaspace       used 17259K, capacity 17550K, committed 17792K, reserved 1064960K
  class space    used 2052K, capacity 2146K, committed 2176K, reserved 1048576K
Event: 6,615 GC heap after
Heap after GC invocations=8 (full 0):
 PSYoungGen      total 130048K, used 12272K [0x00000000ef580000, 0x00000000f8980000, 0x0000000100000000)
  eden space 117760K, 0% used [0x00000000ef580000,0x00000000ef580000,0x00000000f6880000)
  from space 12288K, 99% used [0x00000000f7780000,0x00000000f837c010,0x00000000f8380000)
  to   space 15360K, 0% used [0x00000000f6880000,0x00000000f6880000,0x00000000f7780000)
 ParOldGen       total 40960K, used 18712K [0x00000000ce000000, 0x00000000d0800000, 0x00000000ef580000)
  object space 40960K, 45% used [0x00000000ce000000,0x00000000cf246328,0x00000000d0800000)
 Metaspace       used 17259K, capacity 17550K, committed 17792K, reserved 1064960K
  class space    used 2052K, capacity 2146K, committed 2176K, reserved 1048576K
}
Event: 9,039 GC heap before
{Heap before GC invocations=9 (full 0):
 PSYoungGen      total 130048K, used 130032K [0x00000000ef580000, 0x00000000f8980000, 0x0000000100000000)
  eden space 117760K, 100% used [0x00000000ef580000,0x00000000f6880000,0x00000000f6880000)
  from space 12288K, 99% used [0x00000000f7780000,0x00000000f837c010,0x00000000f8380000)
  to   space 15360K, 0% used [0x00000000f6880000,0x00000000f6880000,0x00000000f7780000)
 ParOldGen       total 40960K, used 18712K [0x00000000ce000000, 0x00000000d0800000, 0x00000000ef580000)
  object space 40960K, 45% used [0x00000000ce000000,0x00000000cf246328,0x00000000d0800000)
 Metaspace       used 18403K, capacity 18850K, committed 18944K, reserved 1067008K
  class space    used 2134K, capacity 2227K, committed 2304K, reserved 1048576K
Event: 9,129 GC heap after
Heap after GC invocations=9 (full 0):
 PSYoungGen      total 133120K, used 14291K [0x00000000ef580000, 0x00000000fcf80000, 0x0000000100000000)
  eden space 117760K, 0% used [0x00000000ef580000,0x00000000ef580000,0x00000000f6880000)
  from space 15360K, 93% used [0x00000000f6880000,0x00000000f7674fe0,0x00000000f7780000)
  to   space 17408K, 0% used [0x00000000fbe80000,0x00000000fbe80000,0x00000000fcf80000)
 ParOldGen       total 40960K, used 21388K [0x00000000ce000000, 0x00000000d0800000, 0x00000000ef580000)
  object space 40960K, 52% used [0x00000000ce000000,0x00000000cf4e3338,0x00000000d0800000)
 Metaspace       used 18403K, capacity 18850K, committed 18944K, reserved 1067008K
  class space    used 2134K, capacity 2227K, committed 2304K, reserved 1048576K
}
Event: 10,218 GC heap before
{Heap before GC invocations=10 (full 0):
 PSYoungGen      total 133120K, used 132051K [0x00000000ef580000, 0x00000000fcf80000, 0x0000000100000000)
  eden space 117760K, 100% used [0x00000000ef580000,0x00000000f6880000,0x00000000f6880000)
  from space 15360K, 93% used [0x00000000f6880000,0x00000000f7674fe0,0x00000000f7780000)
  to   space 17408K, 0% used [0x00000000fbe80000,0x00000000fbe80000,0x00000000fcf80000)
 ParOldGen       total 40960K, used 21388K [0x00000000ce000000, 0x00000000d0800000, 0x00000000ef580000)
  object space 40960K, 52% used [0x00000000ce000000,0x00000000cf4e3338,0x00000000d0800000)
 Metaspace       used 18662K, capacity 19048K, committed 19200K, reserved 1067008K
  class space    used 2135K, capacity 2228K, committed 2304K, reserved 1048576K
Event: 10,282 GC heap after
Heap after GC invocations=10 (full 0):
 PSYoungGen      total 204800K, used 4832K [0x00000000ef580000, 0x00000000fce80000, 0x0000000100000000)
  eden space 188416K, 0% used [0x00000000ef580000,0x00000000ef580000,0x00000000fad80000)
  from space 16384K, 29% used [0x00000000fbe80000,0x00000000fc338000,0x00000000fce80000)
  to   space 16896K, 0% used [0x00000000fad80000,0x00000000fad80000,0x00000000fbe00000)
 ParOldGen       total 40960K, used 30780K [0x00000000ce000000, 0x00000000d0800000, 0x00000000ef580000)
  object space 40960K, 75% used [0x00000000ce000000,0x00000000cfe0f338,0x00000000d0800000)
 Metaspace       used 18662K, capacity 19048K, committed 19200K, reserved 1067008K
  class space    used 2135K, capacity 2228K, committed 2304K, reserved 1048576K
}
Event: 12,524 GC heap before
{Heap before GC invocations=11 (full 0):
 PSYoungGen      total 204800K, used 193248K [0x00000000ef580000, 0x00000000fce80000, 0x0000000100000000)
  eden space 188416K, 100% used [0x00000000ef580000,0x00000000fad80000,0x00000000fad80000)
  from space 16384K, 29% used [0x00000000fbe80000,0x00000000fc338000,0x00000000fce80000)
  to   space 16896K, 0% used [0x00000000fad80000,0x00000000fad80000,0x00000000fbe00000)
 ParOldGen       total 40960K, used 30780K [0x00000000ce000000, 0x00000000d0800000, 0x00000000ef580000)
  object space 40960K, 75% used [0x00000000ce000000,0x00000000cfe0f338,0x00000000d0800000)
 Metaspace       used 19782K, capacity 20174K, committed 20352K, reserved 1067008K
  class space    used 2234K, capacity 2325K, committed 2432K, reserved 1048576K

