# JRE version: Java(TM) SE Runtime Environment (8.0_91-b14) (build 1.8.0_91-b14)
# Java VM: Java HotSpot(TM) 64-Bit Server VM (25.91-b14 mixed mode linux-amd64 compressed oops)
Heap:
 PSYoungGen      total 64000K, used 2544K [0x00000000ef580000, 0x00000000f3680000, 0x0000000100000000)
  eden space 61440K, 0% used [0x00000000ef580000,0x00000000ef580000,0x00000000f3180000)
  from space 2560K, 99% used [0x00000000f3180000,0x00000000f33fc010,0x00000000f3400000)
  to   space 2560K, 0% used [0x00000000f3400000,0x00000000f3400000,0x00000000f3680000)
 ParOldGen       total 40960K, used 15214K [0x00000000ce000000, 0x00000000d0800000, 0x00000000ef580000)
  object space 40960K, 37% used [0x00000000ce000000,0x00000000ceedbad0,0x00000000d0800000)
 Metaspace       used 16759K, capacity 17068K, committed 17280K, reserved 1064960K
  class space    used 2027K, capacity 2113K, committed 2176K, reserved 1048576K
GC Heap History (9 events):
Event: 1,043 GC heap before
{Heap before GC invocations=1 (full 0):
 PSYoungGen      total 17920K, used 15360K [0x00000000ef580000, 0x00000000f0980000, 0x0000000100000000)
  eden space 15360K, 100% used [0x00000000ef580000,0x00000000f0480000,0x00000000f0480000)
  from space 2560K, 0% used [0x00000000f0700000,0x00000000f0700000,0x00000000f0980000)
  to   space 2560K, 0% used [0x00000000f0480000,0x00000000f0480000,0x00000000f0700000)
 ParOldGen       total 40960K, used 0K [0x00000000ce000000, 0x00000000d0800000, 0x00000000ef580000)
  object space 40960K, 0% used [0x00000000ce000000,0x00000000ce000000,0x00000000d0800000)
 Metaspace       used 7081K, capacity 7160K, committed 7424K, reserved 1056768K
  class space    used 860K, capacity 920K, committed 1024K, reserved 1048576K
Event: 1,058 GC heap after
Heap after GC invocations=1 (full 0):
 PSYoungGen      total 17920K, used 2531K [0x00000000ef580000, 0x00000000f1880000, 0x0000000100000000)
  eden space 15360K, 0% used [0x00000000ef580000,0x00000000ef580000,0x00000000f0480000)
  from space 2560K, 98% used [0x00000000f0480000,0x00000000f06f8e30,0x00000000f0700000)
  to   space 2560K, 0% used [0x00000000f1600000,0x00000000f1600000,0x00000000f1880000)
 ParOldGen       total 40960K, used 1107K [0x00000000ce000000, 0x00000000d0800000, 0x00000000ef580000)
  object space 40960K, 2% used [0x00000000ce000000,0x00000000ce114c60,0x00000000d0800000)
 Metaspace       used 7081K, capacity 7160K, committed 7424K, reserved 1056768K
  class space    used 860K, capacity 920K, committed 1024K, reserved 1048576K
}
Event: 1,577 GC heap before
{Heap before GC invocations=2 (full 0):
 PSYoungGen      total 17920K, used 17891K [0x00000000ef580000, 0x00000000f1880000, 0x0000000100000000)
  eden space 15360K, 100% used [0x00000000ef580000,0x00000000f0480000,0x00000000f0480000)
  from space 2560K, 98% used [0x00000000f0480000,0x00000000f06f8e30,0x00000000f0700000)
  to   space 2560K, 0% used [0x00000000f1600000,0x00000000f1600000,0x00000000f1880000)
 ParOldGen       total 40960K, used 1107K [0x00000000ce000000, 0x00000000d0800000, 0x00000000ef580000)
  object space 40960K, 2% used [0x00000000ce000000,0x00000000ce114c60,0x00000000d0800000)
 Metaspace       used 8117K, capacity 8184K, committed 8320K, reserved 1056768K
  class space    used 1016K, capacity 1048K, committed 1152K, reserved 1048576K
Event: 1,586 GC heap after
Heap after GC invocations=2 (full 0):
 PSYoungGen      total 33280K, used 2535K [0x00000000ef580000, 0x00000000f1880000, 0x0000000100000000)
  eden space 30720K, 0% used [0x00000000ef580000,0x00000000ef580000,0x00000000f1380000)
  from space 2560K, 99% used [0x00000000f1600000,0x00000000f1879c28,0x00000000f1880000)
  to   space 2560K, 0% used [0x00000000f1380000,0x00000000f1380000,0x00000000f1600000)
 ParOldGen       total 40960K, used 1535K [0x00000000ce000000, 0x00000000d0800000, 0x00000000ef580000)
  object space 40960K, 3% used [0x00000000ce000000,0x00000000ce17fd58,0x00000000d0800000)
 Metaspace       used 8117K, capacity 8184K, committed 8320K, reserved 1056768K
  class space    used 1016K, capacity 1048K, committed 1152K, reserved 1048576K
}
Event: 2,469 GC heap before
{Heap before GC invocations=3 (full 0):
 PSYoungGen      total 33280K, used 33255K [0x00000000ef580000, 0x00000000f1880000, 0x0000000100000000)
  eden space 30720K, 100% used [0x00000000ef580000,0x00000000f1380000,0x00000000f1380000)
  from space 2560K, 99% used [0x00000000f1600000,0x00000000f1879c28,0x00000000f1880000)
  to   space 2560K, 0% used [0x00000000f1380000,0x00000000f1380000,0x00000000f1600000)
 ParOldGen       total 40960K, used 1535K [0x00000000ce000000, 0x00000000d0800000, 0x00000000ef580000)
  object space 40960K, 3% used [0x00000000ce000000,0x00000000ce17fd58,0x00000000d0800000)
 Metaspace       used 12334K, capacity 12458K, committed 12672K, reserved 1060864K
  class space    used 1568K, capacity 1637K, committed 1664K, reserved 1048576K
Event: 2,503 GC heap after
Heap after GC invocations=3 (full 0):
 PSYoungGen      total 33280K, used 2544K [0x00000000ef580000, 0x00000000f3680000, 0x0000000100000000)
  eden space 30720K, 0% used [0x00000000ef580000,0x00000000ef580000,0x00000000f1380000)
  from space 2560K, 99% used [0x00000000f1380000,0x00000000f15fc030,0x00000000f1600000)
  to   space 2560K, 0% used [0x00000000f3400000,0x00000000f3400000,0x00000000f3680000)
 ParOldGen       total 40960K, used 6370K [0x00000000ce000000, 0x00000000d0800000, 0x00000000ef580000)
  object space 40960K, 15% used [0x00000000ce000000,0x00000000ce638bd0,0x00000000d0800000)
 Metaspace       used 12334K, capacity 12458K, committed 12672K, reserved 1060864K
  class space    used 1568K, capacity 1637K, committed 1664K, reserved 1048576K
}
Event: 3,722 GC heap before
{Heap before GC invocations=4 (full 0):
 PSYoungGen      total 33280K, used 33264K [0x00000000ef580000, 0x00000000f3680000, 0x0000000100000000)
  eden space 30720K, 100% used [0x00000000ef580000,0x00000000f1380000,0x00000000f1380000)
  from space 2560K, 99% used [0x00000000f1380000,0x00000000f15fc030,0x00000000f1600000)
  to   space 2560K, 0% used [0x00000000f3400000,0x00000000f3400000,0x00000000f3680000)
 ParOldGen       total 40960K, used 6370K [0x00000000ce000000, 0x00000000d0800000, 0x00000000ef580000)
  object space 40960K, 15% used [0x00000000ce000000,0x00000000ce638bd0,0x00000000d0800000)
 Metaspace       used 14779K, capacity 14986K, committed 15360K, reserved 1062912K
  class space    used 1836K, capacity 1936K, committed 2048K, reserved 1048576K
Event: 3,757 GC heap after
Heap after GC invocations=4 (full 0):
 PSYoungGen      total 64000K, used 2544K [0x00000000ef580000, 0x00000000f3680000, 0x0000000100000000)
  eden space 61440K, 0% used [0x00000000ef580000,0x00000000ef580000,0x00000000f3180000)
  from space 2560K, 99% used [0x00000000f3400000,0x00000000f367c030,0x00000000f3680000)
  to   space 2560K, 0% used [0x00000000f3180000,0x00000000f3180000,0x00000000f3400000)
 ParOldGen       total 40960K, used 8136K [0x00000000ce000000, 0x00000000d0800000, 0x00000000ef580000)
  object space 40960K, 19% used [0x00000000ce000000,0x00000000ce7f23d8,0x00000000d0800000)
 Metaspace       used 14779K, capacity 14986K, committed 15360K, reserved 1062912K
  class space    used 1836K, capacity 1936K, committed 2048K, reserved 1048576K
}
Event: 5,615 GC heap before
{Heap before GC invocations=5 (full 0):
 PSYoungGen      total 64000K, used 63984K [0x00000000ef580000, 0x00000000f3680000, 0x0000000100000000)
  eden space 61440K, 100% used [0x00000000ef580000,0x00000000f3180000,0x00000000f3180000)
  from space 2560K, 99% used [0x00000000f3400000,0x00000000f367c030,0x00000000f3680000)
  to   space 2560K, 0% used [0x00000000f3180000,0x00000000f3180000,0x00000000f3400000)
 ParOldGen       total 40960K, used 8136K [0x00000000ce000000, 0x00000000d0800000, 0x00000000ef580000)
  object space 40960K, 19% used [0x00000000ce000000,0x00000000ce7f23d8,0x00000000d0800000)
 Metaspace       used 16759K, capacity 17068K, committed 17280K, reserved 1064960K
  class space    used 2027K, capacity 2113K, committed 2176K, reserved 1048576K

